mode: set
github.com/ukautz/mappath/json.go:10.44,13.16 3 1
github.com/ukautz/mappath/json.go:16.2,16.21 1 1
github.com/ukautz/mappath/json.go:20.2,20.137 1 1
github.com/ukautz/mappath/json.go:13.16,15.3 1 1
github.com/ukautz/mappath/json.go:17.2,18.56 1 1
github.com/ukautz/mappath/json.go:23.50,25.16 2 1
github.com/ukautz/mappath/json.go:28.2,29.21 2 1
github.com/ukautz/mappath/json.go:25.16,27.3 1 1
github.com/ukautz/mappath/mappath.go:33.41,35.2 1 1
github.com/ukautz/mappath/mappath.go:44.45,46.2 1 1
github.com/ukautz/mappath/mappath.go:55.55,57.2 1 1
github.com/ukautz/mappath/mappath.go:60.85,62.11 2 1
github.com/ukautz/mappath/mappath.go:67.2,67.33 1 1
github.com/ukautz/mappath/mappath.go:62.11,64.3 1 1
github.com/ukautz/mappath/mappath.go:64.4,64.30 1 1
github.com/ukautz/mappath/mappath.go:64.30,66.3 1 1
github.com/ukautz/mappath/mappath.go:71.44,74.2 2 1
github.com/ukautz/mappath/mappath.go:78.72,81.23 3 1
github.com/ukautz/mappath/mappath.go:86.2,86.16 1 1
github.com/ukautz/mappath/mappath.go:90.2,90.36 1 1
github.com/ukautz/mappath/mappath.go:110.2,110.41 1 1
github.com/ukautz/mappath/mappath.go:81.23,83.3 1 1
github.com/ukautz/mappath/mappath.go:83.4,85.3 1 1
github.com/ukautz/mappath/mappath.go:86.16,88.3 1 1
github.com/ukautz/mappath/mappath.go:92.2,94.17 2 1
github.com/ukautz/mappath/mappath.go:101.3,101.16 1 1
github.com/ukautz/mappath/mappath.go:103.2,104.24 1 1
github.com/ukautz/mappath/mappath.go:106.2,107.33 1 1
github.com/ukautz/mappath/mappath.go:94.17,96.19 2 1
github.com/ukautz/mappath/mappath.go:99.4,99.17 1 1
github.com/ukautz/mappath/mappath.go:96.19,98.5 1 1
github.com/ukautz/mappath/mappath.go:115.82,118.23 3 1
github.com/ukautz/mappath/mappath.go:123.2,123.16 1 1
github.com/ukautz/mappath/mappath.go:126.2,126.36 1 1
github.com/ukautz/mappath/mappath.go:142.2,142.47 1 1
github.com/ukautz/mappath/mappath.go:118.23,120.3 1 1
github.com/ukautz/mappath/mappath.go:120.4,122.3 1 1
github.com/ukautz/mappath/mappath.go:123.16,125.3 1 1
github.com/ukautz/mappath/mappath.go:128.2,130.17 2 1
github.com/ukautz/mappath/mappath.go:133.3,133.16 1 1
github.com/ukautz/mappath/mappath.go:135.2,136.28 1 1
github.com/ukautz/mappath/mappath.go:138.2,139.33 1 1
github.com/ukautz/mappath/mappath.go:130.17,132.4 1 1
github.com/ukautz/mappath/mappath.go:147.81,150.23 3 1
github.com/ukautz/mappath/mappath.go:155.2,155.16 1 1
github.com/ukautz/mappath/mappath.go:158.2,158.36 1 1
github.com/ukautz/mappath/mappath.go:171.2,171.46 1 1
github.com/ukautz/mappath/mappath.go:150.23,152.3 1 1
github.com/ukautz/mappath/mappath.go:152.4,154.3 1 1
github.com/ukautz/mappath/mappath.go:155.16,157.3 1 1
github.com/ukautz/mappath/mappath.go:160.2,161.27 1 1
github.com/ukautz/mappath/mappath.go:163.2,164.49 1 1
github.com/ukautz/mappath/mappath.go:166.2,167.43 1 1
github.com/ukautz/mappath/mappath.go:176.110,179.23 3 1
github.com/ukautz/mappath/mappath.go:184.2,184.16 1 1
github.com/ukautz/mappath/mappath.go:188.2,188.20 1 1
github.com/ukautz/mappath/mappath.go:193.2,193.43 1 1
github.com/ukautz/mappath/mappath.go:179.23,181.3 1 1
github.com/ukautz/mappath/mappath.go:181.4,183.3 1 1
github.com/ukautz/mappath/mappath.go:184.16,186.3 1 1
github.com/ukautz/mappath/mappath.go:189.2,190.43 1 1
github.com/ukautz/mappath/mappath.go:197.104,200.9 3 1
github.com/ukautz/mappath/mappath.go:204.2,204.37 1 1
github.com/ukautz/mappath/mappath.go:200.9,202.3 1 1
github.com/ukautz/mappath/mappath.go:207.94,209.51 2 1
github.com/ukautz/mappath/mappath.go:213.2,213.64 1 1
github.com/ukautz/mappath/mappath.go:209.51,211.3 1 1
github.com/ukautz/mappath/mappath.go:216.87,217.24 1 1
github.com/ukautz/mappath/mappath.go:217.24,219.19 2 1
github.com/ukautz/mappath/mappath.go:220.3,221.70 1 1
github.com/ukautz/mappath/mappath.go:222.3,223.61 1 1
github.com/ukautz/mappath/mappath.go:224.3,225.21 1 1
github.com/ukautz/mappath/mappath.go:227.4,229.3 1 1
